Fri Feb 04 09:52:52 CAT 2022
MaxEnt version 3.4.1
Reading file absence
readGrid: max memory 518520832, total allocated 518520832, free 372600096, used 145920736, increment 9296280
Reading samples from presence
Read samples: max memory 518520832, total allocated 518520832, free 372600096, used 145920736, increment 0
Adding samples to background in feature space
Command line used:  autorun -e C:/Users/s1900332/OneDrive - Rhodes University/Manuscripts/MS-Dasinuera-MaxEnt-Transfer./models/models/optimal_settings_AICc/absence -o C:/Users/s1900332/OneDrive - Rhodes University/Manuscripts/MS-Dasinuera-MaxEnt-Transfer./models/models/optimal_settings_AICc -s C:/Users/s1900332/OneDrive - Rhodes University/Manuscripts/MS-Dasinuera-MaxEnt-Transfer./models/models/optimal_settings_AICc/presence -z betamultiplier=4.0 linear=false quadratic=false product=false threshold=false hinge=true threads=2 doclamp=true responsecurves=true jackknife=true askoverwrite=false responsecurves=true writemess=true writeplotdata=true writebackgroundpredictions=true
Command line to repeat: java density.MaxEnt nowarnings noprefixes responsecurves jackknife "outputdirectory=C:/Users/s1900332/OneDrive - Rhodes University/Manuscripts/MS-Dasinuera-MaxEnt-Transfer./models/models/optimal_settings_AICc" "samplesfile=C:/Users/s1900332/OneDrive - Rhodes University/Manuscripts/MS-Dasinuera-MaxEnt-Transfer./models/models/optimal_settings_AICc/presence" "environmentallayers=C:/Users/s1900332/OneDrive - Rhodes University/Manuscripts/MS-Dasinuera-MaxEnt-Transfer./models/models/optimal_settings_AICc/absence" noaskoverwrite betamultiplier=4.0 writebackgroundpredictions nolinear noquadratic noproduct autorun writeplotdata novisible threads=2
Species: species
Layers: bio1 bio12 bio14 bio19 bio2 bio3 bio6 bio8
Layertypes: Continuous Continuous Continuous Continuous Continuous Continuous Continuous Continuous
responsecurves: true
jackknife: true
outputdirectory: C:/Users/s1900332/OneDrive - Rhodes University/Manuscripts/MS-Dasinuera-MaxEnt-Transfer./models/models/optimal_settings_AICc
samplesfile: C:/Users/s1900332/OneDrive - Rhodes University/Manuscripts/MS-Dasinuera-MaxEnt-Transfer./models/models/optimal_settings_AICc/presence
environmentallayers: C:/Users/s1900332/OneDrive - Rhodes University/Manuscripts/MS-Dasinuera-MaxEnt-Transfer./models/models/optimal_settings_AICc/absence
askoverwrite: false
betamultiplier: 4.0
writebackgroundpredictions: true
linear: false
quadratic: false
product: false
autorun: true
writeplotdata: true
visible: false
threads: 2

getSamples: max memory 518520832, total allocated 518520832, free 372600096, used 145920736, increment 0
Making features
makeFeatures: max memory 518520832, total allocated 518520832, free 372600096, used 145920736, increment 0
species: 
Regularization values: linear/quadratic/product: 0.080, categorical: 0.250, threshold: 1.140, hinge: 0.500
86 samples
Density: max memory 518520832, total allocated 518520832, free 371495992, used 147024840, increment 1104104
linearPredictor: max memory 518520832, total allocated 518520832, free 371495992, used 147024840, increment 0
FeaturedSpace: max memory 518520832, total allocated 518520832, free 371495992, used 147024840, increment 0
Sequential: max memory 518520832, total allocated 518520832, free 371495992, used 147024840, increment 0
Initial loss: 5.231108616854587
140: time = 0.065000 loss = 5.066070
Resulting gain: 0.16503878667347838
Projecting...
Writing file C:\Users\s1900332\OneDrive - Rhodes University\Manuscripts\MS-Dasinuera-MaxEnt-Transfer.\models\models\optimal_settings_AICc\species.csv
species response curves
Time since start: 1.024
Response curve: only bio1
Response curve: only bio12
Response curve: only bio14
Response curve: only bio19
Response curve: only bio2
Response curve: only bio3
Response curve: only bio6
Response curve: only bio8
Making features
Making features
makeFeatures: max memory 518520832, total allocated 518520832, free 306183528, used 212337304, increment 65312464
species bio12: 
makeFeatures: max memory 518520832, total allocated 518520832, free 306183528, used 212337304, increment 65312464
species bio1: 
Regularization values: linear/quadratic/product: 0.080, categorical: 0.250, threshold: 1.140, hinge: 0.500
Regularization values: linear/quadratic/product: 0.080, categorical: 0.250, threshold: 1.140, hinge: 0.500
86 samples
Density: max memory 518520832, total allocated 518520832, free 306183528, used 212337304, increment 0
linearPredictor: max memory 518520832, total allocated 518520832, free 306183528, used 212337304, increment 0
FeaturedSpace: max memory 518520832, total allocated 518520832, free 306183528, used 212337304, increment 0
Sequential: max memory 518520832, total allocated 518520832, free 306183528, used 212337304, increment 0
Initial loss: 5.231108616854587
86 samples
Density: max memory 518520832, total allocated 518520832, free 306183528, used 212337304, increment 0
linearPredictor: max memory 518520832, total allocated 518520832, free 306183528, used 212337304, increment 0
FeaturedSpace: max memory 518520832, total allocated 518520832, free 306183528, used 212337304, increment 0
Sequential: max memory 518520832, total allocated 518520832, free 306183528, used 212337304, increment 0
Initial loss: 5.231108616854587
120: time = 0.016000 loss = 5.147128
Resulting gain: 0.08398022466473432
species response curves
100: time = 0.018000 loss = 5.149331
Resulting gain: 0.08177757890769666
species response curves
Making features
makeFeatures: max memory 518520832, total allocated 518520832, free 293294560, used 225226272, increment 12888968
species bio14: 
Regularization values: linear/quadratic/product: 0.080, categorical: 0.250, threshold: 1.140, hinge: 0.500
86 samples
Density: max memory 518520832, total allocated 518520832, free 293294560, used 225226272, increment 0
linearPredictor: max memory 518520832, total allocated 518520832, free 293294560, used 225226272, increment 0
FeaturedSpace: max memory 518520832, total allocated 518520832, free 293294560, used 225226272, increment 0
Sequential: max memory 518520832, total allocated 518520832, free 293294560, used 225226272, increment 0
Initial loss: 5.231108616854587
Making features
makeFeatures: max memory 518520832, total allocated 518520832, free 293294560, used 225226272, increment 0
species bio19: 
Regularization values: linear/quadratic/product: 0.080, categorical: 0.250, threshold: 1.140, hinge: 0.500
86 samples
Density: max memory 518520832, total allocated 518520832, free 292298304, used 226222528, increment 996256
linearPredictor: max memory 518520832, total allocated 518520832, free 292298304, used 226222528, increment 0
FeaturedSpace: max memory 518520832, total allocated 518520832, free 292298304, used 226222528, increment 0
Sequential: max memory 518520832, total allocated 518520832, free 292298304, used 226222528, increment 0
Initial loss: 5.231108616854587
60: time = 0.022000 loss = 5.229685
Resulting gain: 0.0014240752141523316
species response curves
60: time = 0.024000 loss = 5.103207
Resulting gain: 0.12790126134672963
species response curves
Making features
makeFeatures: max memory 518520832, total allocated 518520832, free 283395352, used 235125480, increment 8902952
species bio2: 
Regularization values: linear/quadratic/product: 0.080, categorical: 0.250, threshold: 1.140, hinge: 0.500
86 samples
Density: max memory 518520832, total allocated 518520832, free 283395352, used 235125480, increment 0
linearPredictor: max memory 518520832, total allocated 518520832, free 283395352, used 235125480, increment 0
FeaturedSpace: max memory 518520832, total allocated 518520832, free 283395352, used 235125480, increment 0
Sequential: max memory 518520832, total allocated 518520832, free 283395352, used 235125480, increment 0
Initial loss: 5.231108616854587
60: time = 0.008000 loss = 5.114595
Resulting gain: 0.11651393581471758
species response curves
Making features
makeFeatures: max memory 518520832, total allocated 518520832, free 279443520, used 239077312, increment 3951832
species bio3: 
Regularization values: linear/quadratic/product: 0.080, categorical: 0.250, threshold: 1.140, hinge: 0.500
86 samples
Density: max memory 518520832, total allocated 518520832, free 279443520, used 239077312, increment 0
linearPredictor: max memory 518520832, total allocated 518520832, free 279443520, used 239077312, increment 0
FeaturedSpace: max memory 518520832, total allocated 518520832, free 279443520, used 239077312, increment 0
Sequential: max memory 518520832, total allocated 518520832, free 279443520, used 239077312, increment 0
Initial loss: 5.231108616854587
20: time = 0.003000 loss = 5.231109
Resulting gain: 0.0
species response curves
Making features
makeFeatures: max memory 518520832, total allocated 518520832, free 274489264, used 244031568, increment 4954256
species bio6: 
Regularization values: linear/quadratic/product: 0.080, categorical: 0.250, threshold: 1.140, hinge: 0.500
86 samples
Density: max memory 518520832, total allocated 518520832, free 274489264, used 244031568, increment 0
linearPredictor: max memory 518520832, total allocated 518520832, free 274489264, used 244031568, increment 0
FeaturedSpace: max memory 518520832, total allocated 518520832, free 274489264, used 244031568, increment 0
Sequential: max memory 518520832, total allocated 518520832, free 274489264, used 244031568, increment 0
Initial loss: 5.231108616854587
20: time = 0.005000 loss = 5.231109
Resulting gain: 0.0
species response curves
Making features
makeFeatures: max memory 518520832, total allocated 518520832, free 271535992, used 246984840, increment 2953272
species bio8: 
Regularization values: linear/quadratic/product: 0.080, categorical: 0.250, threshold: 1.140, hinge: 0.500
86 samples
Density: max memory 518520832, total allocated 518520832, free 271535992, used 246984840, increment 0
linearPredictor: max memory 518520832, total allocated 518520832, free 271535992, used 246984840, increment 0
FeaturedSpace: max memory 518520832, total allocated 518520832, free 271535992, used 246984840, increment 0
Sequential: max memory 518520832, total allocated 518520832, free 271535992, used 246984840, increment 0
Initial loss: 5.231108616854587
60: time = 0.007000 loss = 5.160921
Resulting gain: 0.07018787483500688
species response curves
Jackknife: leave bio1 out
Jackknife: leave bio12 out
Jackknife: leave bio14 out
Jackknife: leave bio19 out
Jackknife: leave bio2 out
Jackknife: leave bio3 out
Jackknife: leave bio6 out
Jackknife: leave bio8 out
Jackknife: only bio1
Jackknife: only bio12
Jackknife: only bio14
Jackknife: only bio19
Jackknife: only bio2
Jackknife: only bio3
Jackknife: only bio6
Jackknife: only bio8
Making features
Making features
makeFeatures: max memory 518520832, total allocated 518520832, free 261349584, used 257171248, increment 10186408
species bio1: 
Regularization values: linear/quadratic/product: 0.080, categorical: 0.250, threshold: 1.140, hinge: 0.500
makeFeatures: max memory 518520832, total allocated 518520832, free 261349584, used 257171248, increment 0
species bio12: 
Regularization values: linear/quadratic/product: 0.080, categorical: 0.250, threshold: 1.140, hinge: 0.500
86 samples
86 samples
Density: max memory 518520832, total allocated 518520832, free 261349584, used 257171248, increment 0
linearPredictor: max memory 518520832, total allocated 518520832, free 261349584, used 257171248, increment 0
FeaturedSpace: max memory 518520832, total allocated 518520832, free 261349584, used 257171248, increment 0
Density: max memory 518520832, total allocated 518520832, free 261349584, used 257171248, increment 0
linearPredictor: max memory 518520832, total allocated 518520832, free 261349584, used 257171248, increment 0
FeaturedSpace: max memory 518520832, total allocated 518520832, free 261349584, used 257171248, increment 0
Sequential: max memory 518520832, total allocated 518520832, free 261349584, used 257171248, increment 0
Initial loss: 5.231108616854587
Sequential: max memory 518520832, total allocated 518520832, free 261349584, used 257171248, increment 0
Initial loss: 5.231108616854587
140: time = 0.094000 loss = 5.078671
Making features
120: time = 0.095000 loss = 5.073929
makeFeatures: max memory 505937920, total allocated 505937920, free 363628760, used 142309160, increment -114862088
species bio14: 
Making features
Regularization values: linear/quadratic/product: 0.080, categorical: 0.250, threshold: 1.140, hinge: 0.500
makeFeatures: max memory 505937920, total allocated 505937920, free 363628736, used 142309184, increment 24
species bio19: 
Regularization values: linear/quadratic/product: 0.080, categorical: 0.250, threshold: 1.140, hinge: 0.500
86 samples
86 samples
Density: max memory 505937920, total allocated 505937920, free 362796760, used 143141160, increment 831976
linearPredictor: max memory 505937920, total allocated 505937920, free 362796760, used 143141160, increment 0
FeaturedSpace: max memory 505937920, total allocated 505937920, free 362796760, used 143141160, increment 0
Density: max memory 505937920, total allocated 505937920, free 362796760, used 143141160, increment 0
linearPredictor: max memory 505937920, total allocated 505937920, free 362796760, used 143141160, increment 0
Sequential: max memory 505937920, total allocated 505937920, free 362796760, used 143141160, increment 0
Initial loss: 5.231108616854587
FeaturedSpace: max memory 505937920, total allocated 505937920, free 362796760, used 143141160, increment 0
Sequential: max memory 505937920, total allocated 505937920, free 362796760, used 143141160, increment 0
Initial loss: 5.231108616854587
140: time = 0.048000 loss = 5.066070
Making features
makeFeatures: max memory 505937920, total allocated 505937920, free 326180448, used 179757472, increment 36616312
species bio2: 
Regularization values: linear/quadratic/product: 0.080, categorical: 0.250, threshold: 1.140, hinge: 0.500
86 samples
Density: max memory 505937920, total allocated 505937920, free 325346800, used 180591120, increment 833648
linearPredictor: max memory 505937920, total allocated 505937920, free 325346800, used 180591120, increment 0
FeaturedSpace: max memory 505937920, total allocated 505937920, free 325346800, used 180591120, increment 0
Sequential: max memory 505937920, total allocated 505937920, free 325346800, used 180591120, increment 0
Initial loss: 5.231108616854587
260: time = 0.080000 loss = 5.066613
Making features
makeFeatures: max memory 505937920, total allocated 505937920, free 293721592, used 212216328, increment 31625208
species bio3: 
Regularization values: linear/quadratic/product: 0.080, categorical: 0.250, threshold: 1.140, hinge: 0.500
86 samples
Density: max memory 505937920, total allocated 505937920, free 292890616, used 213047304, increment 830976
linearPredictor: max memory 505937920, total allocated 505937920, free 292890616, used 213047304, increment 0
FeaturedSpace: max memory 505937920, total allocated 505937920, free 292890616, used 213047304, increment 0
Sequential: max memory 505937920, total allocated 505937920, free 292890616, used 213047304, increment 0
Initial loss: 5.231108616854587
180: time = 0.048000 loss = 5.070586
Making features
makeFeatures: max memory 505937920, total allocated 505937920, free 280409920, used 225528000, increment 12480696
species bio6: 
Regularization values: linear/quadratic/product: 0.080, categorical: 0.250, threshold: 1.140, hinge: 0.500
86 samples
Density: max memory 505937920, total allocated 505937920, free 280409920, used 225528000, increment 0
linearPredictor: max memory 505937920, total allocated 505937920, free 280409920, used 225528000, increment 0
FeaturedSpace: max memory 505937920, total allocated 505937920, free 280409920, used 225528000, increment 0
Sequential: max memory 505937920, total allocated 505937920, free 280409920, used 225528000, increment 0
Initial loss: 5.231108616854587
140: time = 0.052000 loss = 5.066070
Making features
makeFeatures: max memory 505937920, total allocated 505937920, free 244624488, used 261313432, increment 35785432
species bio8: 
Regularization values: linear/quadratic/product: 0.080, categorical: 0.250, threshold: 1.140, hinge: 0.500
140: time = 0.044000 loss = 5.066070
Making features
makeFeatures: max memory 505937920, total allocated 505937920, free 243793488, used 262144432, increment 831000
species bio1: 
Regularization values: linear/quadratic/product: 0.080, categorical: 0.250, threshold: 1.140, hinge: 0.500
86 samples
Density: max memory 505937920, total allocated 505937920, free 243793488, used 262144432, increment 0
linearPredictor: max memory 505937920, total allocated 505937920, free 243793488, used 262144432, increment 0
FeaturedSpace: max memory 505937920, total allocated 505937920, free 243793488, used 262144432, increment 0
Sequential: max memory 505937920, total allocated 505937920, free 243793488, used 262144432, increment 0
Initial loss: 5.231108616854587
86 samples
Density: max memory 505937920, total allocated 505937920, free 243793488, used 262144432, increment 0
linearPredictor: max memory 505937920, total allocated 505937920, free 243793488, used 262144432, increment 0
FeaturedSpace: max memory 505937920, total allocated 505937920, free 243793488, used 262144432, increment 0
Sequential: max memory 505937920, total allocated 505937920, free 243793488, used 262144432, increment 0
Initial loss: 5.231108616854587
120: time = 0.013000 loss = 5.147128
Res.gain: 0.08398022466473432
Making features
makeFeatures: max memory 505937920, total allocated 505937920, free 237129648, used 268808272, increment 6663840
species bio12: 
Regularization values: linear/quadratic/product: 0.080, categorical: 0.250, threshold: 1.140, hinge: 0.500
86 samples
Density: max memory 505937920, total allocated 505937920, free 237129648, used 268808272, increment 0
linearPredictor: max memory 505937920, total allocated 505937920, free 237129648, used 268808272, increment 0
FeaturedSpace: max memory 505937920, total allocated 505937920, free 237129648, used 268808272, increment 0
Sequential: max memory 505937920, total allocated 505937920, free 237129648, used 268808272, increment 0
Initial loss: 5.231108616854587
100: time = 0.019000 loss = 5.149331
Res.gain: 0.08177757890769666
Making features
makeFeatures: max memory 505937920, total allocated 505937920, free 227139312, used 278798608, increment 9990336
species bio14: 
Regularization values: linear/quadratic/product: 0.080, categorical: 0.250, threshold: 1.140, hinge: 0.500
86 samples
Density: max memory 505937920, total allocated 505937920, free 227139312, used 278798608, increment 0
linearPredictor: max memory 505937920, total allocated 505937920, free 227139312, used 278798608, increment 0
FeaturedSpace: max memory 505937920, total allocated 505937920, free 227139312, used 278798608, increment 0
Sequential: max memory 505937920, total allocated 505937920, free 227139312, used 278798608, increment 0
Initial loss: 5.231108616854587
60: time = 0.008000 loss = 5.229685
Res.gain: 0.0014240752141523316
Making features
makeFeatures: max memory 505937920, total allocated 505937920, free 224322440, used 281615480, increment 2816872
species bio19: 
Regularization values: linear/quadratic/product: 0.080, categorical: 0.250, threshold: 1.140, hinge: 0.500
86 samples
Density: max memory 505937920, total allocated 505937920, free 224322440, used 281615480, increment 0
linearPredictor: max memory 505937920, total allocated 505937920, free 224322440, used 281615480, increment 0
FeaturedSpace: max memory 517996544, total allocated 517996544, free 381231360, used 136765184, increment -144850296
Sequential: max memory 517996544, total allocated 517996544, free 381231360, used 136765184, increment 0
Initial loss: 5.231108616854587
60: time = 0.012000 loss = 5.103207
Res.gain: 0.12790126134672963
Making features
makeFeatures: max memory 517996544, total allocated 517996544, free 377018632, used 140977912, increment 4212728
species bio2: 
Regularization values: linear/quadratic/product: 0.080, categorical: 0.250, threshold: 1.140, hinge: 0.500
86 samples
Density: max memory 517996544, total allocated 517996544, free 377018632, used 140977912, increment 0
linearPredictor: max memory 517996544, total allocated 517996544, free 377018632, used 140977912, increment 0
FeaturedSpace: max memory 517996544, total allocated 517996544, free 377018632, used 140977912, increment 0
Sequential: max memory 517996544, total allocated 517996544, free 377018632, used 140977912, increment 0
Initial loss: 5.231108616854587
60: time = 0.009000 loss = 5.114595
Res.gain: 0.11651393581471758
Making features
makeFeatures: max memory 517996544, total allocated 517996544, free 372805904, used 145190640, increment 4212728
species bio3: 
Regularization values: linear/quadratic/product: 0.080, categorical: 0.250, threshold: 1.140, hinge: 0.500
86 samples
Density: max memory 517996544, total allocated 517996544, free 372805904, used 145190640, increment 0
linearPredictor: max memory 517996544, total allocated 517996544, free 372805904, used 145190640, increment 0
FeaturedSpace: max memory 517996544, total allocated 517996544, free 372805904, used 145190640, increment 0
Sequential: max memory 517996544, total allocated 517996544, free 372805904, used 145190640, increment 0
Initial loss: 5.231108616854587
20: time = 0.005000 loss = 5.231109
Res.gain: 0.0
Making features
makeFeatures: max memory 517996544, total allocated 517996544, free 371760600, used 146235944, increment 1045304
species bio6: 
Regularization values: linear/quadratic/product: 0.080, categorical: 0.250, threshold: 1.140, hinge: 0.500
86 samples
Density: max memory 517996544, total allocated 517996544, free 371760600, used 146235944, increment 0
linearPredictor: max memory 517996544, total allocated 517996544, free 371760600, used 146235944, increment 0
FeaturedSpace: max memory 517996544, total allocated 517996544, free 371760600, used 146235944, increment 0
Sequential: max memory 517996544, total allocated 517996544, free 371760600, used 146235944, increment 0
Initial loss: 5.231108616854587
20: time = 0.005000 loss = 5.231109
Res.gain: 0.0
Making features
makeFeatures: max memory 517996544, total allocated 517996544, free 369638480, used 148358064, increment 2122120
species bio8: 
Regularization values: linear/quadratic/product: 0.080, categorical: 0.250, threshold: 1.140, hinge: 0.500
86 samples
Density: max memory 517996544, total allocated 517996544, free 368593176, used 149403368, increment 1045304
linearPredictor: max memory 517996544, total allocated 517996544, free 368593176, used 149403368, increment 0
FeaturedSpace: max memory 517996544, total allocated 517996544, free 368593176, used 149403368, increment 0
Sequential: max memory 517996544, total allocated 517996544, free 368593176, used 149403368, increment 0
Initial loss: 5.231108616854587
180: time = 0.083000 loss = 5.066252
60: time = 0.012000 loss = 5.160921
Res.gain: 0.07018787483500688
Ending
