Thu Feb 03 23:38:07 CAT 2022
MaxEnt version 3.4.1
Reading file absence
readGrid: max memory 477626368, total allocated 476053504, free 334831376, used 141222128, increment -40714784
Reading samples from presence
Read samples: max memory 477626368, total allocated 476053504, free 334831376, used 141222128, increment 0
Adding samples to background in feature space
Command line used:  autorun -e C:/Users/s1900332/OneDrive - Rhodes University/Manuscripts/MS-Dasinuera-MaxEnt-Transfer./models/models/optimal_settings_default/absence -o C:/Users/s1900332/OneDrive - Rhodes University/Manuscripts/MS-Dasinuera-MaxEnt-Transfer./models/models/optimal_settings_default -s C:/Users/s1900332/OneDrive - Rhodes University/Manuscripts/MS-Dasinuera-MaxEnt-Transfer./models/models/optimal_settings_default/presence -z betamultiplier=1.0 linear=true quadratic=true product=false threshold=false hinge=true threads=2 doclamp=true responsecurves=true jackknife=true askoverwrite=false responsecurves=true writemess=true writeplotdata=true writebackgroundpredictions=true
Command line to repeat: java density.MaxEnt nowarnings noprefixes responsecurves jackknife "outputdirectory=C:/Users/s1900332/OneDrive - Rhodes University/Manuscripts/MS-Dasinuera-MaxEnt-Transfer./models/models/optimal_settings_default" "samplesfile=C:/Users/s1900332/OneDrive - Rhodes University/Manuscripts/MS-Dasinuera-MaxEnt-Transfer./models/models/optimal_settings_default/presence" "environmentallayers=C:/Users/s1900332/OneDrive - Rhodes University/Manuscripts/MS-Dasinuera-MaxEnt-Transfer./models/models/optimal_settings_default/absence" noaskoverwrite writebackgroundpredictions noproduct autorun writeplotdata novisible threads=2
Species: species
Layers: bio1 bio12 bio14 bio19 bio2 bio3 bio6 bio8
Layertypes: Continuous Continuous Continuous Continuous Continuous Continuous Continuous Continuous
responsecurves: true
jackknife: true
outputdirectory: C:/Users/s1900332/OneDrive - Rhodes University/Manuscripts/MS-Dasinuera-MaxEnt-Transfer./models/models/optimal_settings_default
samplesfile: C:/Users/s1900332/OneDrive - Rhodes University/Manuscripts/MS-Dasinuera-MaxEnt-Transfer./models/models/optimal_settings_default/presence
environmentallayers: C:/Users/s1900332/OneDrive - Rhodes University/Manuscripts/MS-Dasinuera-MaxEnt-Transfer./models/models/optimal_settings_default/absence
askoverwrite: false
writebackgroundpredictions: true
product: false
autorun: true
writeplotdata: true
visible: false
threads: 2

getSamples: max memory 477626368, total allocated 476053504, free 333655344, used 142398160, increment 1176032
Making features
makeFeatures: max memory 477626368, total allocated 476053504, free 333655344, used 142398160, increment 0
species: 
Regularization values: linear/quadratic/product: 0.090, categorical: 0.250, threshold: 1.140, hinge: 0.500
86 samples
Density: max memory 477626368, total allocated 476053504, free 333655344, used 142398160, increment 0
linearPredictor: max memory 477626368, total allocated 476053504, free 333655344, used 142398160, increment 0
FeaturedSpace: max memory 477626368, total allocated 476053504, free 333655344, used 142398160, increment 0
Sequential: max memory 477626368, total allocated 476053504, free 333655344, used 142398160, increment 0
Initial loss: 5.231108616854587
480: time = 0.310000 loss = 4.895970
Resulting gain: 0.335138746750383
Projecting...
Writing file C:\Users\s1900332\OneDrive - Rhodes University\Manuscripts\MS-Dasinuera-MaxEnt-Transfer.\models\models\optimal_settings_default\species.csv
species response curves
Time since start: 1.072
Response curve: only bio1
Response curve: only bio12
Response curve: only bio14
Response curve: only bio19
Response curve: only bio2
Response curve: only bio3
Response curve: only bio6
Response curve: only bio8
Making features
Making features
makeFeatures: max memory 477626368, total allocated 417333248, free 273403104, used 143930144, increment 1531984
species bio12: 
makeFeatures: max memory 477626368, total allocated 417333248, free 273403104, used 143930144, increment 1531984
species bio1: 
Regularization values: linear/quadratic/product: 0.090, categorical: 0.250, threshold: 1.140, hinge: 0.500
Regularization values: linear/quadratic/product: 0.090, categorical: 0.250, threshold: 1.140, hinge: 0.500
86 samples
86 samples
Density: max memory 477626368, total allocated 417333248, free 273403104, used 143930144, increment 0
linearPredictor: max memory 477626368, total allocated 417333248, free 273403104, used 143930144, increment 0
Density: max memory 477626368, total allocated 417333248, free 273403104, used 143930144, increment 0
linearPredictor: max memory 477626368, total allocated 417333248, free 273403104, used 143930144, increment 0
FeaturedSpace: max memory 477626368, total allocated 417333248, free 273403104, used 143930144, increment 0
FeaturedSpace: max memory 477626368, total allocated 417333248, free 273403104, used 143930144, increment 0
Sequential: max memory 477626368, total allocated 417333248, free 273403104, used 143930144, increment 0
Sequential: max memory 477626368, total allocated 417333248, free 273403104, used 143930144, increment 0
Initial loss: 5.231108616854587
Initial loss: 5.231108616854587
160: time = 0.013000 loss = 5.053012
Resulting gain: 0.17809617852783877
species response curves
140: time = 0.018000 loss = 5.081003
Resulting gain: 0.1501055075948008
species response curves
Making features
makeFeatures: max memory 477626368, total allocated 417333248, free 258429984, used 158903264, increment 14973120
species bio14: 
Regularization values: linear/quadratic/product: 0.090, categorical: 0.250, threshold: 1.140, hinge: 0.500
86 samples
Density: max memory 477626368, total allocated 417333248, free 257842784, used 159490464, increment 587200
linearPredictor: max memory 477626368, total allocated 417333248, free 257842784, used 159490464, increment 0
FeaturedSpace: max memory 477626368, total allocated 417333248, free 257842784, used 159490464, increment 0
Sequential: max memory 477626368, total allocated 417333248, free 257842784, used 159490464, increment 0
Initial loss: 5.231108616854587
Making features
makeFeatures: max memory 477626368, total allocated 417333248, free 257255472, used 160077776, increment 587312
species bio19: 
Regularization values: linear/quadratic/product: 0.090, categorical: 0.250, threshold: 1.140, hinge: 0.500
86 samples
Density: max memory 477626368, total allocated 417333248, free 256668160, used 160665088, increment 587312
linearPredictor: max memory 477626368, total allocated 417333248, free 256668160, used 160665088, increment 0
FeaturedSpace: max memory 477626368, total allocated 417333248, free 256668160, used 160665088, increment 0
Sequential: max memory 477626368, total allocated 417333248, free 256668160, used 160665088, increment 0
Initial loss: 5.231108616854587
180: time = 0.014000 loss = 5.193481
Resulting gain: 0.037627191790364556
species response curves
120: time = 0.014000 loss = 5.036839
Resulting gain: 0.19426925776897885
species response curves
Making features
makeFeatures: max memory 477626368, total allocated 417333248, free 243454904, used 173878344, increment 13213256
species bio2: 
Regularization values: linear/quadratic/product: 0.090, categorical: 0.250, threshold: 1.140, hinge: 0.500
86 samples
Density: max memory 477626368, total allocated 417333248, free 243454904, used 173878344, increment 0
linearPredictor: max memory 477626368, total allocated 417333248, free 243454904, used 173878344, increment 0
FeaturedSpace: max memory 477626368, total allocated 417333248, free 243454904, used 173878344, increment 0
Sequential: max memory 477626368, total allocated 417333248, free 243454904, used 173878344, increment 0
Initial loss: 5.231108616854587
Making features
makeFeatures: max memory 477626368, total allocated 417333248, free 243454904, used 173878344, increment 0
species bio3: 
Regularization values: linear/quadratic/product: 0.090, categorical: 0.250, threshold: 1.140, hinge: 0.500
86 samples
Density: max memory 477626368, total allocated 417333248, free 243454904, used 173878344, increment 0
linearPredictor: max memory 477626368, total allocated 417333248, free 243454904, used 173878344, increment 0
FeaturedSpace: max memory 477626368, total allocated 417333248, free 243454904, used 173878344, increment 0
Sequential: max memory 477626368, total allocated 417333248, free 243454904, used 173878344, increment 0
Initial loss: 5.231108616854587
140: time = 0.010000 loss = 5.049681
Resulting gain: 0.18142791687030257
species response curves
240: time = 0.015000 loss = 5.218048
Resulting gain: 0.013060972911210555
species response curves
Making features
makeFeatures: max memory 477626368, total allocated 417333248, free 232703016, used 184630232, increment 10751888
species bio6: 
Regularization values: linear/quadratic/product: 0.090, categorical: 0.250, threshold: 1.140, hinge: 0.500
86 samples
Density: max memory 477626368, total allocated 417333248, free 232703016, used 184630232, increment 0
linearPredictor: max memory 477626368, total allocated 417333248, free 232703016, used 184630232, increment 0
FeaturedSpace: max memory 477626368, total allocated 417333248, free 232703016, used 184630232, increment 0
Sequential: max memory 477626368, total allocated 417333248, free 232703016, used 184630232, increment 0
Initial loss: 5.231108616854587
80: time = 0.009000 loss = 5.224251
Resulting gain: 0.0068574366108338225
species response curves
Making features
makeFeatures: max memory 477626368, total allocated 417333248, free 229393800, used 187939448, increment 3309216
species bio8: 
Regularization values: linear/quadratic/product: 0.090, categorical: 0.250, threshold: 1.140, hinge: 0.500
86 samples
Density: max memory 477626368, total allocated 417333248, free 229393800, used 187939448, increment 0
linearPredictor: max memory 477626368, total allocated 417333248, free 229393800, used 187939448, increment 0
FeaturedSpace: max memory 477626368, total allocated 417333248, free 229393800, used 187939448, increment 0
Sequential: max memory 477626368, total allocated 417333248, free 229393800, used 187939448, increment 0
Initial loss: 5.231108616854587
160: time = 0.021000 loss = 5.099657
Resulting gain: 0.1314520476795744
species response curves
Jackknife: leave bio1 out
Jackknife: leave bio12 out
Jackknife: leave bio14 out
Jackknife: leave bio19 out
Jackknife: leave bio2 out
Jackknife: leave bio3 out
Jackknife: leave bio6 out
Jackknife: leave bio8 out
Jackknife: only bio1
Jackknife: only bio12
Jackknife: only bio14
Jackknife: only bio19
Jackknife: only bio2
Jackknife: only bio3
Jackknife: only bio6
Jackknife: only bio8
Making features
Making features
makeFeatures: max memory 477626368, total allocated 464519168, free 318688520, used 145830648, increment -42108800
species bio1: 
makeFeatures: max memory 477626368, total allocated 464519168, free 318688520, used 145830648, increment -42108800
species bio12: 
Regularization values: linear/quadratic/product: 0.090, categorical: 0.250, threshold: 1.140, hinge: 0.500
Regularization values: linear/quadratic/product: 0.090, categorical: 0.250, threshold: 1.140, hinge: 0.500
86 samples
86 samples
Density: max memory 477626368, total allocated 464519168, free 318688520, used 145830648, increment 0
linearPredictor: max memory 477626368, total allocated 464519168, free 318688520, used 145830648, increment 0
Density: max memory 477626368, total allocated 464519168, free 318688520, used 145830648, increment 0
linearPredictor: max memory 477626368, total allocated 464519168, free 318688520, used 145830648, increment 0
FeaturedSpace: max memory 477626368, total allocated 464519168, free 318688520, used 145830648, increment 0
Sequential: max memory 477626368, total allocated 464519168, free 318688520, used 145830648, increment 0
FeaturedSpace: max memory 477626368, total allocated 464519168, free 318688520, used 145830648, increment 0
Sequential: max memory 477626368, total allocated 464519168, free 318688520, used 145830648, increment 0
Initial loss: 5.231108616854587
Initial loss: 5.231108616854587
360: time = 0.103000 loss = 4.929253
Making features
makeFeatures: max memory 477626368, total allocated 468189184, free 298490528, used 169698656, increment 23868008
species bio14: 
Regularization values: linear/quadratic/product: 0.090, categorical: 0.250, threshold: 1.140, hinge: 0.500
86 samples
Density: max memory 477626368, total allocated 468189184, free 297412816, used 170776368, increment 1077712
linearPredictor: max memory 477626368, total allocated 468189184, free 297412816, used 170776368, increment 0
FeaturedSpace: max memory 477626368, total allocated 468189184, free 297412816, used 170776368, increment 0
Sequential: max memory 477626368, total allocated 468189184, free 297412816, used 170776368, increment 0
Initial loss: 5.231108616854587
440: time = 0.147000 loss = 4.912628
Making features
makeFeatures: max memory 477626368, total allocated 470286336, free 324252384, used 146033952, increment -24742416
species bio19: 
Regularization values: linear/quadratic/product: 0.090, categorical: 0.250, threshold: 1.140, hinge: 0.500
86 samples
Density: max memory 477626368, total allocated 470286336, free 323622192, used 146664144, increment 630192
linearPredictor: max memory 477626368, total allocated 470286336, free 323622192, used 146664144, increment 0
FeaturedSpace: max memory 477626368, total allocated 470286336, free 323622192, used 146664144, increment 0
Sequential: max memory 477626368, total allocated 470286336, free 322992000, used 147294336, increment 630192
Initial loss: 5.231108616854587
400: time = 0.139000 loss = 4.900002
Making features
makeFeatures: max memory 477626368, total allocated 472383488, free 317901408, used 154482080, increment 7187744
species bio2: 
Regularization values: linear/quadratic/product: 0.090, categorical: 0.250, threshold: 1.140, hinge: 0.500
86 samples
Density: max memory 477626368, total allocated 472383488, free 315947488, used 156436000, increment 1953920
linearPredictor: max memory 477626368, total allocated 472383488, free 315947488, used 156436000, increment 0
FeaturedSpace: max memory 477626368, total allocated 472383488, free 315947488, used 156436000, increment 0
Sequential: max memory 477626368, total allocated 472383488, free 315947488, used 156436000, increment 0
Initial loss: 5.231108616854587
320: time = 0.106000 loss = 4.909123
Making features
makeFeatures: max memory 477626368, total allocated 472383488, free 311380576, used 161002912, increment 4566912
species bio3: 
Regularization values: linear/quadratic/product: 0.090, categorical: 0.250, threshold: 1.140, hinge: 0.500
86 samples
Density: max memory 477626368, total allocated 472383488, free 310073672, used 162309816, increment 1306904
linearPredictor: max memory 477626368, total allocated 472383488, free 310073672, used 162309816, increment 0
FeaturedSpace: max memory 477626368, total allocated 472383488, free 310073672, used 162309816, increment 0
Sequential: max memory 477626368, total allocated 472383488, free 310073672, used 162309816, increment 0
Initial loss: 5.231108616854587
380: time = 0.117000 loss = 4.910897
Making features
makeFeatures: max memory 477626368, total allocated 476577792, free 281965664, used 194612128, increment 32302312
species bio6: 
Regularization values: linear/quadratic/product: 0.090, categorical: 0.250, threshold: 1.140, hinge: 0.500
86 samples
Density: max memory 477626368, total allocated 476577792, free 281196624, used 195381168, increment 769040
linearPredictor: max memory 477626368, total allocated 476577792, free 281196624, used 195381168, increment 0
FeaturedSpace: max memory 477626368, total allocated 476577792, free 281196624, used 195381168, increment 0
Sequential: max memory 477626368, total allocated 476577792, free 281196624, used 195381168, increment 0
Initial loss: 5.231108616854587
420: time = 0.157000 loss = 4.899626
Making features
makeFeatures: max memory 478674944, total allocated 478674944, free 337290984, used 141383960, increment -53997208
species bio8: 
Regularization values: linear/quadratic/product: 0.090, categorical: 0.250, threshold: 1.140, hinge: 0.500
86 samples
Density: max memory 478674944, total allocated 478674944, free 336514248, used 142160696, increment 776736
linearPredictor: max memory 478674944, total allocated 478674944, free 336514248, used 142160696, increment 0
FeaturedSpace: max memory 478674944, total allocated 478674944, free 336514248, used 142160696, increment 0
Sequential: max memory 478674944, total allocated 478674944, free 336514248, used 142160696, increment 0
Initial loss: 5.231108616854587
460: time = 0.165000 loss = 4.895915
Making features
makeFeatures: max memory 484966400, total allocated 484966400, free 322304168, used 162662232, increment 20501536
species bio1: 
Regularization values: linear/quadratic/product: 0.090, categorical: 0.250, threshold: 1.140, hinge: 0.500
86 samples
Density: max memory 484966400, total allocated 484966400, free 322304168, used 162662232, increment 0
linearPredictor: max memory 484966400, total allocated 484966400, free 322304168, used 162662232, increment 0
FeaturedSpace: max memory 484966400, total allocated 484966400, free 322304168, used 162662232, increment 0
Sequential: max memory 484966400, total allocated 484966400, free 322304168, used 162662232, increment 0
Initial loss: 5.231108616854587
160: time = 0.012000 loss = 5.053012
Res.gain: 0.17809617852783877
Making features
makeFeatures: max memory 484966400, total allocated 484966400, free 314964288, used 170002112, increment 7339880
species bio12: 
Regularization values: linear/quadratic/product: 0.090, categorical: 0.250, threshold: 1.140, hinge: 0.500
86 samples
Density: max memory 484966400, total allocated 484966400, free 314964288, used 170002112, increment 0
linearPredictor: max memory 484966400, total allocated 484966400, free 314964288, used 170002112, increment 0
FeaturedSpace: max memory 484966400, total allocated 484966400, free 314964288, used 170002112, increment 0
Sequential: max memory 484966400, total allocated 484966400, free 314964288, used 170002112, increment 0
Initial loss: 5.231108616854587
440: time = 0.142000 loss = 4.904262
Making features
makeFeatures: max memory 484966400, total allocated 484966400, free 306700344, used 178266056, increment 8263944
species bio14: 
Regularization values: linear/quadratic/product: 0.090, categorical: 0.250, threshold: 1.140, hinge: 0.500
86 samples
Density: max memory 484966400, total allocated 484966400, free 306700344, used 178266056, increment 0
linearPredictor: max memory 484966400, total allocated 484966400, free 306700344, used 178266056, increment 0
FeaturedSpace: max memory 484966400, total allocated 484966400, free 306700344, used 178266056, increment 0
Sequential: max memory 484966400, total allocated 484966400, free 306700344, used 178266056, increment 0
Initial loss: 5.231108616854587
140: time = 0.019000 loss = 5.081003
Res.gain: 0.1501055075948008
Making features
makeFeatures: max memory 484966400, total allocated 484966400, free 303938688, used 181027712, increment 2761656
species bio19: 
Regularization values: linear/quadratic/product: 0.090, categorical: 0.250, threshold: 1.140, hinge: 0.500
86 samples
Density: max memory 484966400, total allocated 484966400, free 303938688, used 181027712, increment 0
linearPredictor: max memory 484966400, total allocated 484966400, free 303938688, used 181027712, increment 0
FeaturedSpace: max memory 484966400, total allocated 484966400, free 303938688, used 181027712, increment 0
Sequential: max memory 484966400, total allocated 484966400, free 303938688, used 181027712, increment 0
Initial loss: 5.231108616854587
180: time = 0.014000 loss = 5.193481
Res.gain: 0.037627191790364556
Making features
makeFeatures: max memory 484966400, total allocated 484966400, free 300263568, used 184702832, increment 3675120
species bio2: 
Regularization values: linear/quadratic/product: 0.090, categorical: 0.250, threshold: 1.140, hinge: 0.500
86 samples
Density: max memory 484966400, total allocated 484966400, free 300263568, used 184702832, increment 0
linearPredictor: max memory 484966400, total allocated 484966400, free 300263568, used 184702832, increment 0
FeaturedSpace: max memory 484966400, total allocated 484966400, free 300263568, used 184702832, increment 0
Sequential: max memory 484966400, total allocated 484966400, free 300263568, used 184702832, increment 0
Initial loss: 5.231108616854587
120: time = 0.013000 loss = 5.036839
Res.gain: 0.19426925776897885
Making features
makeFeatures: max memory 484966400, total allocated 484966400, free 297501912, used 187464488, increment 2761656
species bio3: 
Regularization values: linear/quadratic/product: 0.090, categorical: 0.250, threshold: 1.140, hinge: 0.500
86 samples
Density: max memory 484966400, total allocated 484966400, free 297501912, used 187464488, increment 0
linearPredictor: max memory 484966400, total allocated 484966400, free 297501912, used 187464488, increment 0
FeaturedSpace: max memory 484966400, total allocated 484966400, free 297501912, used 187464488, increment 0
Sequential: max memory 484966400, total allocated 484966400, free 297501912, used 187464488, increment 0
Initial loss: 5.231108616854587
140: time = 0.010000 loss = 5.049681
Res.gain: 0.18142791687030257
Making features
makeFeatures: max memory 484966400, total allocated 484966400, free 296588336, used 188378064, increment 913576
species bio6: 
Regularization values: linear/quadratic/product: 0.090, categorical: 0.250, threshold: 1.140, hinge: 0.500
86 samples
Density: max memory 484966400, total allocated 484966400, free 296588336, used 188378064, increment 0
linearPredictor: max memory 484966400, total allocated 484966400, free 296588336, used 188378064, increment 0
FeaturedSpace: max memory 484966400, total allocated 484966400, free 296588336, used 188378064, increment 0
Sequential: max memory 484966400, total allocated 484966400, free 296588336, used 188378064, increment 0
Initial loss: 5.231108616854587
240: time = 0.011000 loss = 5.218048
Res.gain: 0.013060972911210555
Making features
makeFeatures: max memory 484966400, total allocated 484966400, free 293837168, used 191129232, increment 2751168
species bio8: 
Regularization values: linear/quadratic/product: 0.090, categorical: 0.250, threshold: 1.140, hinge: 0.500
86 samples
Density: max memory 484966400, total allocated 484966400, free 293837168, used 191129232, increment 0
linearPredictor: max memory 484966400, total allocated 484966400, free 293837168, used 191129232, increment 0
FeaturedSpace: max memory 484966400, total allocated 484966400, free 293837168, used 191129232, increment 0
Sequential: max memory 484966400, total allocated 484966400, free 293837168, used 191129232, increment 0
Initial loss: 5.231108616854587
80: time = 0.007000 loss = 5.224251
Res.gain: 0.0068574366108338225
160: time = 0.011000 loss = 5.099657
Res.gain: 0.1314520476795744
Time since start: 2.091
Ending
