Sun Feb 06 11:11:41 CAT 2022
MaxEnt version 3.4.1
Reading file absence
readGrid: max memory 477626368, total allocated 445120512, free 178264656, used 266855856, increment 5479672
Reading samples from presence
Read samples: max memory 477626368, total allocated 445120512, free 178264656, used 266855856, increment 0
Adding samples to background in feature space
Command line used:  autorun -e C:/Users/s1900332/OneDrive - Rhodes University/Manuscripts/MS-Dasinuera-MaxEnt-Transfer./models/models/optimal_settings_AUCdiff/absence -o C:/Users/s1900332/OneDrive - Rhodes University/Manuscripts/MS-Dasinuera-MaxEnt-Transfer./models/models/optimal_settings_AUCdiff -s C:/Users/s1900332/OneDrive - Rhodes University/Manuscripts/MS-Dasinuera-MaxEnt-Transfer./models/models/optimal_settings_AUCdiff/presence -z betamultiplier=4 linear=true quadratic=true product=true threshold=true hinge=true threads=2 doclamp=true responsecurves=true jackknife=true askoverwrite=false responsecurves=true writemess=true writeplotdata=true writebackgroundpredictions=true
Command line to repeat: java density.MaxEnt nowarnings noprefixes responsecurves jackknife "outputdirectory=C:/Users/s1900332/OneDrive - Rhodes University/Manuscripts/MS-Dasinuera-MaxEnt-Transfer./models/models/optimal_settings_AUCdiff" "samplesfile=C:/Users/s1900332/OneDrive - Rhodes University/Manuscripts/MS-Dasinuera-MaxEnt-Transfer./models/models/optimal_settings_AUCdiff/presence" "environmentallayers=C:/Users/s1900332/OneDrive - Rhodes University/Manuscripts/MS-Dasinuera-MaxEnt-Transfer./models/models/optimal_settings_AUCdiff/absence" noaskoverwrite betamultiplier=4.0 writebackgroundpredictions threshold autorun writeplotdata novisible threads=2
Species: species
Layers: bio1 bio12 bio14 bio19 bio2 bio3 bio6 bio8
Layertypes: Continuous Continuous Continuous Continuous Continuous Continuous Continuous Continuous
responsecurves: true
jackknife: true
outputdirectory: C:/Users/s1900332/OneDrive - Rhodes University/Manuscripts/MS-Dasinuera-MaxEnt-Transfer./models/models/optimal_settings_AUCdiff
samplesfile: C:/Users/s1900332/OneDrive - Rhodes University/Manuscripts/MS-Dasinuera-MaxEnt-Transfer./models/models/optimal_settings_AUCdiff/presence
environmentallayers: C:/Users/s1900332/OneDrive - Rhodes University/Manuscripts/MS-Dasinuera-MaxEnt-Transfer./models/models/optimal_settings_AUCdiff/absence
askoverwrite: false
betamultiplier: 4.0
writebackgroundpredictions: true
threshold: true
autorun: true
writeplotdata: true
visible: false
threads: 2

getSamples: max memory 477626368, total allocated 445120512, free 177341432, used 267779080, increment 923224
Making features
makeFeatures: max memory 477626368, total allocated 445120512, free 177341432, used 267779080, increment 0
species: 
Regularization values: linear/quadratic/product: 0.150, categorical: 0.250, threshold: 1.140, hinge: 0.500
86 samples
Density: max memory 477626368, total allocated 445120512, free 176417128, used 268703384, increment 924304
linearPredictor: max memory 477626368, total allocated 445120512, free 176417128, used 268703384, increment 0
FeaturedSpace: max memory 477626368, total allocated 445120512, free 176417128, used 268703384, increment 0
Sequential: max memory 477626368, total allocated 445120512, free 176417128, used 268703384, increment 0
Initial loss: 5.19295685089021
260: time = 0.110000 loss = 4.982050
Resulting gain: 0.21090640171134378
Projecting...
Writing file C:\Users\s1900332\OneDrive - Rhodes University\Manuscripts\MS-Dasinuera-MaxEnt-Transfer.\models\models\optimal_settings_AUCdiff\species.csv
species response curves
Response curve: only bio1
Response curve: only bio12
Response curve: only bio14
Response curve: only bio19
Response curve: only bio2
Response curve: only bio3
Response curve: only bio6
Response curve: only bio8
Making features
Making features
makeFeatures: max memory 477626368, total allocated 386924544, free 134444760, used 252479784, increment -16223600
makeFeatures: max memory 477626368, total allocated 386924544, free 134444760, used 252479784, increment -16223600
species bio1: 
species bio12: 
Regularization values: linear/quadratic/product: 0.150, categorical: 0.250, threshold: 1.140, hinge: 0.500
Regularization values: linear/quadratic/product: 0.150, categorical: 0.250, threshold: 1.140, hinge: 0.500
86 samples
86 samples
Density: max memory 477626368, total allocated 386924544, free 134444760, used 252479784, increment 0
linearPredictor: max memory 477626368, total allocated 386924544, free 134444760, used 252479784, increment 0
Density: max memory 477626368, total allocated 386924544, free 134444760, used 252479784, increment 0
linearPredictor: max memory 477626368, total allocated 386924544, free 134444760, used 252479784, increment 0
FeaturedSpace: max memory 477626368, total allocated 386924544, free 134444760, used 252479784, increment 0
Sequential: max memory 477626368, total allocated 386924544, free 134444760, used 252479784, increment 0
Initial loss: 5.19295685089021
FeaturedSpace: max memory 477626368, total allocated 386924544, free 134444760, used 252479784, increment 0
Sequential: max memory 477626368, total allocated 386924544, free 134444760, used 252479784, increment 0
Initial loss: 5.19295685089021
80: time = 0.008000 loss = 5.101871
Resulting gain: 0.09108560927664211
species response curves
240: time = 0.015000 loss = 5.101039
Resulting gain: 0.0919173509249136
species response curves
Making features
Making features
makeFeatures: max memory 477626368, total allocated 386924544, free 126618672, used 260305872, increment 7826088
species bio19: 
makeFeatures: max memory 477626368, total allocated 386924544, free 126618672, used 260305872, increment 7826088
species bio14: 
Regularization values: linear/quadratic/product: 0.150, categorical: 0.250, threshold: 1.140, hinge: 0.500
Regularization values: linear/quadratic/product: 0.150, categorical: 0.250, threshold: 1.140, hinge: 0.500
86 samples
Density: max memory 477626368, total allocated 386924544, free 126618672, used 260305872, increment 0
linearPredictor: max memory 477626368, total allocated 386924544, free 126618672, used 260305872, increment 0
FeaturedSpace: max memory 477626368, total allocated 386924544, free 126618672, used 260305872, increment 0
Sequential: max memory 477626368, total allocated 386924544, free 126618672, used 260305872, increment 0
86 samples
Initial loss: 5.19295685089021
Density: max memory 477626368, total allocated 386924544, free 126618672, used 260305872, increment 0
linearPredictor: max memory 477626368, total allocated 386924544, free 126618672, used 260305872, increment 0
FeaturedSpace: max memory 477626368, total allocated 386924544, free 126618672, used 260305872, increment 0
Sequential: max memory 477626368, total allocated 386924544, free 126618672, used 260305872, increment 0
Initial loss: 5.19295685089021
80: time = 0.006000 loss = 5.182207
Resulting gain: 0.010749675187781804
species response curves
120: time = 0.011000 loss = 5.023985
Resulting gain: 0.1689715415511266
species response curves
Making features
makeFeatures: max memory 477626368, total allocated 386924544, free 118904928, used 268019616, increment 7713744
species bio2: 
Regularization values: linear/quadratic/product: 0.150, categorical: 0.250, threshold: 1.140, hinge: 0.500
86 samples
Density: max memory 477626368, total allocated 386924544, free 118845864, used 268078680, increment 59064
linearPredictor: max memory 477626368, total allocated 386924544, free 118845864, used 268078680, increment 0
FeaturedSpace: max memory 477626368, total allocated 386924544, free 118845864, used 268078680, increment 0
Sequential: max memory 477626368, total allocated 386924544, free 118845864, used 268078680, increment 0
Initial loss: 5.19295685089021
80: time = 0.013000 loss = 5.038134
Resulting gain: 0.15482236063494437
species response curves
Making features
makeFeatures: max memory 477626368, total allocated 435159040, free 223600872, used 211558168, increment -56520512
species bio3: 
Regularization values: linear/quadratic/product: 0.150, categorical: 0.250, threshold: 1.140, hinge: 0.500
86 samples
Density: max memory 477626368, total allocated 435159040, free 223330384, used 211828656, increment 270488
linearPredictor: max memory 477626368, total allocated 435159040, free 223330384, used 211828656, increment 0
FeaturedSpace: max memory 477626368, total allocated 435159040, free 223330384, used 211828656, increment 0
Sequential: max memory 477626368, total allocated 435159040, free 223330384, used 211828656, increment 0
Initial loss: 5.19295685089021
40: time = 0.002000 loss = 5.192803
Resulting gain: 1.5395078926339067E-4
species response curves
Making features
makeFeatures: max memory 477626368, total allocated 435159040, free 215947432, used 219211608, increment 7382952
species bio6: 
Regularization values: linear/quadratic/product: 0.150, categorical: 0.250, threshold: 1.140, hinge: 0.500
86 samples
Density: max memory 477626368, total allocated 435159040, free 215947432, used 219211608, increment 0
linearPredictor: max memory 477626368, total allocated 435159040, free 215947432, used 219211608, increment 0
FeaturedSpace: max memory 477626368, total allocated 435159040, free 215947432, used 219211608, increment 0
Sequential: max memory 477626368, total allocated 435159040, free 215947432, used 219211608, increment 0
Initial loss: 5.19295685089021
60: time = 0.009000 loss = 5.191930
Resulting gain: 0.00102734018954731
species response curves
Making features
makeFeatures: max memory 477626368, total allocated 435159040, free 213899672, used 221259368, increment 2047760
species bio8: 
Regularization values: linear/quadratic/product: 0.150, categorical: 0.250, threshold: 1.140, hinge: 0.500
86 samples
Density: max memory 477626368, total allocated 435159040, free 213899672, used 221259368, increment 0
linearPredictor: max memory 477626368, total allocated 435159040, free 213899672, used 221259368, increment 0
FeaturedSpace: max memory 477626368, total allocated 435159040, free 213899672, used 221259368, increment 0
Sequential: max memory 477626368, total allocated 435159040, free 213899672, used 221259368, increment 0
Initial loss: 5.19295685089021
Time since start: 1.001
80: time = 0.010000 loss = 5.123804
Resulting gain: 0.06915244187317882
species response curves
Jackknife: leave bio1 out
Jackknife: leave bio12 out
Jackknife: leave bio14 out
Jackknife: leave bio19 out
Jackknife: leave bio2 out
Jackknife: leave bio3 out
Jackknife: leave bio6 out
Jackknife: leave bio8 out
Jackknife: only bio1
Jackknife: only bio12
Jackknife: only bio14
Jackknife: only bio19
Jackknife: only bio2
Jackknife: only bio3
Jackknife: only bio6
Jackknife: only bio8
Making features
Making features
makeFeatures: max memory 477626368, total allocated 435159040, free 204215608, used 230943432, increment 9684064
species bio12: 
Regularization values: linear/quadratic/product: 0.150, categorical: 0.250, threshold: 1.140, hinge: 0.500
makeFeatures: max memory 477626368, total allocated 435159040, free 204215608, used 230943432, increment 0
species bio1: 
Regularization values: linear/quadratic/product: 0.150, categorical: 0.250, threshold: 1.140, hinge: 0.500
86 samples
86 samples
Density: max memory 477626368, total allocated 435159040, free 203672392, used 231486648, increment 543216
linearPredictor: max memory 477626368, total allocated 435159040, free 203672392, used 231486648, increment 0
FeaturedSpace: max memory 477626368, total allocated 435159040, free 203672392, used 231486648, increment 0
Sequential: max memory 477626368, total allocated 435159040, free 203672392, used 231486648, increment 0
Initial loss: 5.19295685089021
Density: max memory 477626368, total allocated 435159040, free 203672392, used 231486648, increment 0
linearPredictor: max memory 477626368, total allocated 435159040, free 203672392, used 231486648, increment 0
FeaturedSpace: max memory 477626368, total allocated 435159040, free 203672392, used 231486648, increment 0
Sequential: max memory 477626368, total allocated 435159040, free 203672392, used 231486648, increment 0
Initial loss: 5.19295685089021
180: time = 0.072000 loss = 4.992730
Making features
makeFeatures: max memory 477626368, total allocated 435159040, free 203129736, used 232029304, increment 542656
species bio14: 
Regularization values: linear/quadratic/product: 0.150, categorical: 0.250, threshold: 1.140, hinge: 0.500
86 samples
Density: max memory 477626368, total allocated 435159040, free 202586104, used 232572936, increment 543632
linearPredictor: max memory 477626368, total allocated 435159040, free 202586104, used 232572936, increment 0
FeaturedSpace: max memory 477626368, total allocated 435159040, free 202586104, used 232572936, increment 0
Sequential: max memory 477626368, total allocated 435159040, free 202586104, used 232572936, increment 0
Initial loss: 5.19295685089021
220: time = 0.078000 loss = 4.982547
Making features
makeFeatures: max memory 477626368, total allocated 435159040, free 202315512, used 232843528, increment 270592
species bio19: 
Regularization values: linear/quadratic/product: 0.150, categorical: 0.250, threshold: 1.140, hinge: 0.500
86 samples
Density: max memory 477626368, total allocated 435159040, free 202045024, used 233114016, increment 270488
linearPredictor: max memory 477626368, total allocated 435159040, free 202045024, used 233114016, increment 0
FeaturedSpace: max memory 477626368, total allocated 435159040, free 202045024, used 233114016, increment 0
Sequential: max memory 477626368, total allocated 435159040, free 202045024, used 233114016, increment 0
Initial loss: 5.19295685089021
240: time = 0.083000 loss = 4.996882
Making features
makeFeatures: max memory 477626368, total allocated 435159040, free 201502112, used 233656928, increment 542912
species bio2: 
Regularization values: linear/quadratic/product: 0.150, categorical: 0.250, threshold: 1.140, hinge: 0.500
86 samples
Density: max memory 477626368, total allocated 435159040, free 200961072, used 234197968, increment 541040
linearPredictor: max memory 477626368, total allocated 435159040, free 200961072, used 234197968, increment 0
FeaturedSpace: max memory 477626368, total allocated 435159040, free 200961072, used 234197968, increment 0
Sequential: max memory 477626368, total allocated 435159040, free 200961072, used 234197968, increment 0
Initial loss: 5.19295685089021
260: time = 0.097000 loss = 4.982092
Making features
makeFeatures: max memory 477626368, total allocated 435159040, free 200961072, used 234197968, increment 0
species bio3: 
Regularization values: linear/quadratic/product: 0.150, categorical: 0.250, threshold: 1.140, hinge: 0.500
86 samples
Density: max memory 477626368, total allocated 435159040, free 200417752, used 234741288, increment 543320
linearPredictor: max memory 477626368, total allocated 435159040, free 200417752, used 234741288, increment 0
FeaturedSpace: max memory 477626368, total allocated 435159040, free 200417752, used 234741288, increment 0
Sequential: max memory 477626368, total allocated 435159040, free 200417752, used 234741288, increment 0
Initial loss: 5.19295685089021
200: time = 0.076000 loss = 4.996184
Making features
makeFeatures: max memory 477626368, total allocated 435159040, free 200147224, used 235011816, increment 270528
species bio6: 
Regularization values: linear/quadratic/product: 0.150, categorical: 0.250, threshold: 1.140, hinge: 0.500
86 samples
Density: max memory 477626368, total allocated 435159040, free 199875880, used 235283160, increment 271344
linearPredictor: max memory 477626368, total allocated 435159040, free 199875880, used 235283160, increment 0
FeaturedSpace: max memory 477626368, total allocated 435159040, free 199875880, used 235283160, increment 0
Sequential: max memory 477626368, total allocated 435159040, free 199875880, used 235283160, increment 0
Initial loss: 5.19295685089021
200: time = 0.083000 loss = 4.982014
Making features
makeFeatures: max memory 477626368, total allocated 435159040, free 199333368, used 235825672, increment 542512
species bio8: 
Regularization values: linear/quadratic/product: 0.150, categorical: 0.250, threshold: 1.140, hinge: 0.500
86 samples
Density: max memory 477626368, total allocated 435159040, free 199061696, used 236097344, increment 271672
linearPredictor: max memory 477626368, total allocated 435159040, free 199061696, used 236097344, increment 0
FeaturedSpace: max memory 477626368, total allocated 435159040, free 199061696, used 236097344, increment 0
Sequential: max memory 477626368, total allocated 435159040, free 199061696, used 236097344, increment 0
Initial loss: 5.19295685089021
260: time = 0.093000 loss = 4.982030
Making features
makeFeatures: max memory 477626368, total allocated 435159040, free 198519504, used 236639536, increment 542192
species bio1: 
Regularization values: linear/quadratic/product: 0.150, categorical: 0.250, threshold: 1.140, hinge: 0.500
86 samples
Density: max memory 477626368, total allocated 435159040, free 198519504, used 236639536, increment 0
linearPredictor: max memory 477626368, total allocated 435159040, free 198519504, used 236639536, increment 0
FeaturedSpace: max memory 477626368, total allocated 435159040, free 198519504, used 236639536, increment 0
Sequential: max memory 477626368, total allocated 435159040, free 198519504, used 236639536, increment 0
Initial loss: 5.19295685089021
240: time = 0.016000 loss = 5.101039
Res.gain: 0.0919173509249136
Making features
makeFeatures: max memory 477626368, total allocated 435159040, free 198519504, used 236639536, increment 0
species bio12: 
Regularization values: linear/quadratic/product: 0.150, categorical: 0.250, threshold: 1.140, hinge: 0.500
86 samples
Density: max memory 477626368, total allocated 435159040, free 198249016, used 236910024, increment 270488
linearPredictor: max memory 477626368, total allocated 435159040, free 198249016, used 236910024, increment 0
FeaturedSpace: max memory 477626368, total allocated 435159040, free 198249016, used 236910024, increment 0
Sequential: max memory 477626368, total allocated 435159040, free 198249016, used 236910024, increment 0
Initial loss: 5.19295685089021
80: time = 0.009000 loss = 5.101871
Res.gain: 0.09108560927664211
Making features
makeFeatures: max memory 477626368, total allocated 435159040, free 197977320, used 237181720, increment 271696
species bio14: 
Regularization values: linear/quadratic/product: 0.150, categorical: 0.250, threshold: 1.140, hinge: 0.500
86 samples
Density: max memory 477626368, total allocated 435159040, free 197977320, used 237181720, increment 0
linearPredictor: max memory 477626368, total allocated 435159040, free 197977320, used 237181720, increment 0
FeaturedSpace: max memory 477626368, total allocated 435159040, free 197977320, used 237181720, increment 0
Sequential: max memory 477626368, total allocated 435159040, free 197977320, used 237181720, increment 0
Initial loss: 5.19295685089021
80: time = 0.005000 loss = 5.182207
Res.gain: 0.010749675187781804
Making features
makeFeatures: max memory 477626368, total allocated 435159040, free 197977320, used 237181720, increment 0
species bio19: 
Regularization values: linear/quadratic/product: 0.150, categorical: 0.250, threshold: 1.140, hinge: 0.500
86 samples
Density: max memory 477626368, total allocated 435159040, free 197705808, used 237453232, increment 271512
linearPredictor: max memory 477626368, total allocated 435159040, free 197705808, used 237453232, increment 0
FeaturedSpace: max memory 477626368, total allocated 435159040, free 197705808, used 237453232, increment 0
Sequential: max memory 477626368, total allocated 435159040, free 197705808, used 237453232, increment 0
Initial loss: 5.19295685089021
320: time = 0.109000 loss = 4.984875
Making features
makeFeatures: max memory 477626368, total allocated 435159040, free 197705808, used 237453232, increment 0
species bio2: 
Regularization values: linear/quadratic/product: 0.150, categorical: 0.250, threshold: 1.140, hinge: 0.500
86 samples
Density: max memory 477626368, total allocated 435159040, free 197705808, used 237453232, increment 0
linearPredictor: max memory 477626368, total allocated 435159040, free 197705808, used 237453232, increment 0
FeaturedSpace: max memory 477626368, total allocated 435159040, free 197705808, used 237453232, increment 0
Sequential: max memory 477626368, total allocated 435159040, free 197705808, used 237453232, increment 0
Initial loss: 5.19295685089021
80: time = 0.007000 loss = 5.038134
Res.gain: 0.15482236063494437
Making features
makeFeatures: max memory 477626368, total allocated 435159040, free 197705808, used 237453232, increment 0
species bio3: 
Regularization values: linear/quadratic/product: 0.150, categorical: 0.250, threshold: 1.140, hinge: 0.500
86 samples
Density: max memory 477626368, total allocated 435159040, free 197705808, used 237453232, increment 0
linearPredictor: max memory 477626368, total allocated 435159040, free 197705808, used 237453232, increment 0
FeaturedSpace: max memory 477626368, total allocated 435159040, free 197705808, used 237453232, increment 0
Sequential: max memory 477626368, total allocated 435159040, free 197705808, used 237453232, increment 0
Initial loss: 5.19295685089021
40: time = 0.002000 loss = 5.192803
Res.gain: 1.5395078926339067E-4
Making features
makeFeatures: max memory 477626368, total allocated 435159040, free 197705808, used 237453232, increment 0
species bio6: 
Regularization values: linear/quadratic/product: 0.150, categorical: 0.250, threshold: 1.140, hinge: 0.500
86 samples
Density: max memory 477626368, total allocated 435159040, free 197433704, used 237725336, increment 272104
linearPredictor: max memory 477626368, total allocated 435159040, free 197433704, used 237725336, increment 0
FeaturedSpace: max memory 477626368, total allocated 435159040, free 197433704, used 237725336, increment 0
Sequential: max memory 477626368, total allocated 435159040, free 197433704, used 237725336, increment 0
Initial loss: 5.19295685089021
120: time = 0.011000 loss = 5.023985
Res.gain: 0.1689715415511266
Making features
makeFeatures: max memory 477626368, total allocated 435159040, free 197433704, used 237725336, increment 0
species bio8: 
Regularization values: linear/quadratic/product: 0.150, categorical: 0.250, threshold: 1.140, hinge: 0.500
86 samples
Density: max memory 477626368, total allocated 435159040, free 197433704, used 237725336, increment 0
linearPredictor: max memory 477626368, total allocated 435159040, free 197433704, used 237725336, increment 0
FeaturedSpace: max memory 477626368, total allocated 435159040, free 197433704, used 237725336, increment 0
Sequential: max memory 477626368, total allocated 435159040, free 197433704, used 237725336, increment 0
Initial loss: 5.19295685089021
60: time = 0.006000 loss = 5.191930
Res.gain: 0.00102734018954731
80: time = 0.008000 loss = 5.123804
Res.gain: 0.06915244187317882
Ending
