Fri Feb 04 09:51:42 CAT 2022
MaxEnt version 3.4.1
Reading file absence
readGrid: max memory 514326528, total allocated 514326528, free 263125184, used 251201344, increment 8861816
Reading samples from presence
Read samples: max memory 514326528, total allocated 514326528, free 263125184, used 251201344, increment 0
Adding samples to background in feature space
Command line used:  autorun -e C:/Users/s1900332/OneDrive - Rhodes University/Manuscripts/MS-Dasinuera-MaxEnt-Transfer./models/models/optimal_settings_OR10/absence -o C:/Users/s1900332/OneDrive - Rhodes University/Manuscripts/MS-Dasinuera-MaxEnt-Transfer./models/models/optimal_settings_OR10 -s C:/Users/s1900332/OneDrive - Rhodes University/Manuscripts/MS-Dasinuera-MaxEnt-Transfer./models/models/optimal_settings_OR10/presence -z betamultiplier=1.5 linear=false quadratic=false product=false threshold=false hinge=true threads=2 doclamp=true responsecurves=true jackknife=true askoverwrite=false responsecurves=true writemess=true writeplotdata=true writebackgroundpredictions=true
Command line to repeat: java density.MaxEnt nowarnings noprefixes responsecurves jackknife "outputdirectory=C:/Users/s1900332/OneDrive - Rhodes University/Manuscripts/MS-Dasinuera-MaxEnt-Transfer./models/models/optimal_settings_OR10" "samplesfile=C:/Users/s1900332/OneDrive - Rhodes University/Manuscripts/MS-Dasinuera-MaxEnt-Transfer./models/models/optimal_settings_OR10/presence" "environmentallayers=C:/Users/s1900332/OneDrive - Rhodes University/Manuscripts/MS-Dasinuera-MaxEnt-Transfer./models/models/optimal_settings_OR10/absence" noaskoverwrite betamultiplier=1.5 writebackgroundpredictions nolinear noquadratic noproduct autorun writeplotdata novisible threads=2
Species: species
Layers: bio1 bio12 bio14 bio19 bio2 bio3 bio6 bio8
Layertypes: Continuous Continuous Continuous Continuous Continuous Continuous Continuous Continuous
responsecurves: true
jackknife: true
outputdirectory: C:/Users/s1900332/OneDrive - Rhodes University/Manuscripts/MS-Dasinuera-MaxEnt-Transfer./models/models/optimal_settings_OR10
samplesfile: C:/Users/s1900332/OneDrive - Rhodes University/Manuscripts/MS-Dasinuera-MaxEnt-Transfer./models/models/optimal_settings_OR10/presence
environmentallayers: C:/Users/s1900332/OneDrive - Rhodes University/Manuscripts/MS-Dasinuera-MaxEnt-Transfer./models/models/optimal_settings_OR10/absence
askoverwrite: false
betamultiplier: 1.5
writebackgroundpredictions: true
linear: false
quadratic: false
product: false
autorun: true
writeplotdata: true
visible: false
threads: 2

getSamples: max memory 514326528, total allocated 514326528, free 262080112, used 252246416, increment 1045072
Making features
makeFeatures: max memory 514326528, total allocated 514326528, free 262080112, used 252246416, increment 0
species: 
Regularization values: linear/quadratic/product: 0.080, categorical: 0.250, threshold: 1.140, hinge: 0.500
86 samples
Density: max memory 514326528, total allocated 514326528, free 262080112, used 252246416, increment 0
linearPredictor: max memory 514326528, total allocated 514326528, free 262080112, used 252246416, increment 0
FeaturedSpace: max memory 514326528, total allocated 514326528, free 262080112, used 252246416, increment 0
Sequential: max memory 514326528, total allocated 514326528, free 262080112, used 252246416, increment 0
Initial loss: 5.231108616854587
260: time = 0.163000 loss = 4.955588
Resulting gain: 0.2755204305517793
Projecting...
Writing file C:\Users\s1900332\OneDrive - Rhodes University\Manuscripts\MS-Dasinuera-MaxEnt-Transfer.\models\models\optimal_settings_OR10\species.csv
species response curves
Time since start: 1.219
Response curve: only bio1
Response curve: only bio12
Response curve: only bio14
Response curve: only bio19
Response curve: only bio2
Response curve: only bio3
Response curve: only bio6
Response curve: only bio8
Making features
Making features
makeFeatures: max memory 513277952, total allocated 513277952, free 313628184, used 199649768, increment -52596648
species bio12: 
makeFeatures: max memory 513277952, total allocated 513277952, free 313628184, used 199649768, increment 0
species bio1: 
Regularization values: linear/quadratic/product: 0.080, categorical: 0.250, threshold: 1.140, hinge: 0.500
Regularization values: linear/quadratic/product: 0.080, categorical: 0.250, threshold: 1.140, hinge: 0.500
86 samples
86 samples
Density: max memory 513277952, total allocated 513277952, free 313628184, used 199649768, increment 0
Density: max memory 513277952, total allocated 513277952, free 313628184, used 199649768, increment 0
linearPredictor: max memory 513277952, total allocated 513277952, free 313628184, used 199649768, increment 0
linearPredictor: max memory 513277952, total allocated 513277952, free 313628184, used 199649768, increment 0
FeaturedSpace: max memory 513277952, total allocated 513277952, free 313628184, used 199649768, increment 0
FeaturedSpace: max memory 513277952, total allocated 513277952, free 313628184, used 199649768, increment 0
Sequential: max memory 513277952, total allocated 513277952, free 313628184, used 199649768, increment 0
Sequential: max memory 513277952, total allocated 513277952, free 313628184, used 199649768, increment 0
Initial loss: 5.231108616854587
Initial loss: 5.231108616854587
240: time = 0.041000 loss = 5.083464
Resulting gain: 0.14764436715195384
species response curves
160: time = 0.049000 loss = 5.096576
Resulting gain: 0.13453260599850658
species response curves
Making features
makeFeatures: max memory 513277952, total allocated 513277952, free 296587752, used 216690200, increment 17040432
species bio14: 
Regularization values: linear/quadratic/product: 0.080, categorical: 0.250, threshold: 1.140, hinge: 0.500
86 samples
Density: max memory 513277952, total allocated 513277952, free 296587752, used 216690200, increment 0
linearPredictor: max memory 513277952, total allocated 513277952, free 296587752, used 216690200, increment 0
FeaturedSpace: max memory 513277952, total allocated 513277952, free 296587752, used 216690200, increment 0
Sequential: max memory 513277952, total allocated 513277952, free 296587752, used 216690200, increment 0
Initial loss: 5.231108616854587
Making features
makeFeatures: max memory 513277952, total allocated 513277952, free 296587752, used 216690200, increment 0
species bio19: 
Regularization values: linear/quadratic/product: 0.080, categorical: 0.250, threshold: 1.140, hinge: 0.500
86 samples
Density: max memory 513277952, total allocated 513277952, free 296587752, used 216690200, increment 0
linearPredictor: max memory 513277952, total allocated 513277952, free 296587752, used 216690200, increment 0
FeaturedSpace: max memory 513277952, total allocated 513277952, free 296587752, used 216690200, increment 0
Sequential: max memory 513277952, total allocated 513277952, free 296587752, used 216690200, increment 0
Initial loss: 5.231108616854587
80: time = 0.012000 loss = 5.212073
Resulting gain: 0.0190359000611231
species response curves
100: time = 0.025000 loss = 5.052031
Resulting gain: 0.17907774724715608
species response curves
Making features
makeFeatures: max memory 513277952, total allocated 513277952, free 285042296, used 228235656, increment 11545456
species bio2: 
Regularization values: linear/quadratic/product: 0.080, categorical: 0.250, threshold: 1.140, hinge: 0.500
86 samples
Density: max memory 513277952, total allocated 513277952, free 285042296, used 228235656, increment 0
linearPredictor: max memory 513277952, total allocated 513277952, free 285042296, used 228235656, increment 0
FeaturedSpace: max memory 513277952, total allocated 513277952, free 285042296, used 228235656, increment 0
Sequential: max memory 513277952, total allocated 513277952, free 285042296, used 228235656, increment 0
Initial loss: 5.231108616854587
Making features
makeFeatures: max memory 513277952, total allocated 513277952, free 285042296, used 228235656, increment 0
species bio3: 
Regularization values: linear/quadratic/product: 0.080, categorical: 0.250, threshold: 1.140, hinge: 0.500
86 samples
Density: max memory 513277952, total allocated 513277952, free 285042296, used 228235656, increment 0
linearPredictor: max memory 513277952, total allocated 513277952, free 285042296, used 228235656, increment 0
FeaturedSpace: max memory 513277952, total allocated 513277952, free 285042296, used 228235656, increment 0
Sequential: max memory 513277952, total allocated 513277952, free 285042296, used 228235656, increment 0
Initial loss: 5.231108616854587
80: time = 0.015000 loss = 5.066432
Resulting gain: 0.16467653189531983
species response curves
80: time = 0.009000 loss = 5.229558
Resulting gain: 0.00155034642112728
species response curves
Making features
makeFeatures: max memory 513277952, total allocated 513277952, free 276246632, used 237031320, increment 8795664
species bio6: 
Regularization values: linear/quadratic/product: 0.080, categorical: 0.250, threshold: 1.140, hinge: 0.500
86 samples
Density: max memory 513277952, total allocated 513277952, free 276246632, used 237031320, increment 0
linearPredictor: max memory 513277952, total allocated 513277952, free 276246632, used 237031320, increment 0
FeaturedSpace: max memory 513277952, total allocated 513277952, free 276246632, used 237031320, increment 0
Sequential: max memory 513277952, total allocated 513277952, free 276246632, used 237031320, increment 0
Initial loss: 5.231108616854587
60: time = 0.012000 loss = 5.229069
Resulting gain: 0.002039870437335445
species response curves
Making features
makeFeatures: max memory 513277952, total allocated 513277952, free 272420768, used 240857184, increment 3825864
species bio8: 
Regularization values: linear/quadratic/product: 0.080, categorical: 0.250, threshold: 1.140, hinge: 0.500
86 samples
Density: max memory 513277952, total allocated 513277952, free 272420768, used 240857184, increment 0
linearPredictor: max memory 513277952, total allocated 513277952, free 272420768, used 240857184, increment 0
FeaturedSpace: max memory 513277952, total allocated 513277952, free 272420768, used 240857184, increment 0
Sequential: max memory 513277952, total allocated 513277952, free 272420768, used 240857184, increment 0
Initial loss: 5.231108616854587
80: time = 0.016000 loss = 5.117177
Resulting gain: 0.11393145438033425
species response curves
Jackknife: leave bio1 out
Jackknife: leave bio12 out
Jackknife: leave bio14 out
Jackknife: leave bio19 out
Jackknife: leave bio2 out
Jackknife: leave bio3 out
Jackknife: leave bio6 out
Jackknife: leave bio8 out
Jackknife: only bio1
Jackknife: only bio12
Jackknife: only bio14
Jackknife: only bio19
Jackknife: only bio2
Jackknife: only bio3
Jackknife: only bio6
Jackknife: only bio8
Making features
Making features
makeFeatures: max memory 513277952, total allocated 513277952, free 261997672, used 251280280, increment 10423096
makeFeatures: max memory 513277952, total allocated 513277952, free 261997672, used 251280280, increment 10423096
species bio12: 
Regularization values: linear/quadratic/product: 0.080, categorical: 0.250, threshold: 1.140, hinge: 0.500
species bio1: 
Regularization values: linear/quadratic/product: 0.080, categorical: 0.250, threshold: 1.140, hinge: 0.500
86 samples
86 samples
Density: max memory 513277952, total allocated 513277952, free 261997672, used 251280280, increment 0
linearPredictor: max memory 513277952, total allocated 513277952, free 261997672, used 251280280, increment 0
FeaturedSpace: max memory 513277952, total allocated 513277952, free 261997672, used 251280280, increment 0
Sequential: max memory 513277952, total allocated 513277952, free 261997672, used 251280280, increment 0
Initial loss: 5.231108616854587
Density: max memory 513277952, total allocated 513277952, free 261997672, used 251280280, increment 0
linearPredictor: max memory 513277952, total allocated 513277952, free 261997672, used 251280280, increment 0
FeaturedSpace: max memory 513277952, total allocated 513277952, free 260623928, used 252654024, increment 1373744
Sequential: max memory 513277952, total allocated 513277952, free 260623928, used 252654024, increment 0
Initial loss: 5.231108616854587
160: time = 0.099000 loss = 4.973321
Making features
makeFeatures: max memory 500695040, total allocated 500695040, free 340770704, used 159924336, increment -92729688
species bio14: 
Regularization values: linear/quadratic/product: 0.080, categorical: 0.250, threshold: 1.140, hinge: 0.500
86 samples
Density: max memory 500695040, total allocated 500695040, free 340770704, used 159924336, increment 0
linearPredictor: max memory 500695040, total allocated 500695040, free 340770704, used 159924336, increment 0
FeaturedSpace: max memory 500695040, total allocated 500695040, free 339730592, used 160964448, increment 1040112
Sequential: max memory 500695040, total allocated 500695040, free 339730592, used 160964448, increment 0
Initial loss: 5.231108616854587
200: time = 0.107000 loss = 4.982138
Making features
makeFeatures: max memory 500695040, total allocated 500695040, free 338718656, used 161976384, increment 1011936
species bio19: 
Regularization values: linear/quadratic/product: 0.080, categorical: 0.250, threshold: 1.140, hinge: 0.500
86 samples
Density: max memory 500695040, total allocated 500695040, free 338718656, used 161976384, increment 0
linearPredictor: max memory 500695040, total allocated 500695040, free 338718656, used 161976384, increment 0
FeaturedSpace: max memory 500695040, total allocated 500695040, free 338718656, used 161976384, increment 0
Sequential: max memory 500695040, total allocated 500695040, free 337706744, used 162988296, increment 1011912
Initial loss: 5.231108616854587
220: time = 0.088000 loss = 4.955722
Making features
makeFeatures: max memory 500695040, total allocated 500695040, free 279266360, used 221428680, increment 58440384
species bio2: 
Regularization values: linear/quadratic/product: 0.080, categorical: 0.250, threshold: 1.140, hinge: 0.500
86 samples
Density: max memory 500695040, total allocated 500695040, free 278254448, used 222440592, increment 1011912
linearPredictor: max memory 500695040, total allocated 500695040, free 278254448, used 222440592, increment 0
FeaturedSpace: max memory 500695040, total allocated 500695040, free 278254448, used 222440592, increment 0
Sequential: max memory 500695040, total allocated 500695040, free 278254448, used 222440592, increment 0
Initial loss: 5.231108616854587
260: time = 0.108000 loss = 4.955588
Making features
makeFeatures: max memory 500695040, total allocated 500695040, free 273138464, used 227556576, increment 5115984
species bio3: 
Regularization values: linear/quadratic/product: 0.080, categorical: 0.250, threshold: 1.140, hinge: 0.500
86 samples
Density: max memory 500695040, total allocated 500695040, free 271085440, used 229609600, increment 2053024
linearPredictor: max memory 500695040, total allocated 500695040, free 271085440, used 229609600, increment 0
FeaturedSpace: max memory 500695040, total allocated 500695040, free 271085440, used 229609600, increment 0
Sequential: max memory 500695040, total allocated 500695040, free 271085440, used 229609600, increment 0
Initial loss: 5.231108616854587
320: time = 0.140000 loss = 4.963127
Making features
makeFeatures: max memory 508559360, total allocated 508559360, free 332207264, used 176352096, increment -53257504
species bio6: 
Regularization values: linear/quadratic/product: 0.080, categorical: 0.250, threshold: 1.140, hinge: 0.500
86 samples
Density: max memory 508559360, total allocated 508559360, free 331064232, used 177495128, increment 1143032
linearPredictor: max memory 508559360, total allocated 508559360, free 331064232, used 177495128, increment 0
FeaturedSpace: max memory 508559360, total allocated 508559360, free 331064232, used 177495128, increment 0
Sequential: max memory 508559360, total allocated 508559360, free 331064232, used 177495128, increment 0
Initial loss: 5.231108616854587
320: time = 0.148000 loss = 4.955935
Making features
makeFeatures: max memory 508559360, total allocated 508559360, free 320801560, used 187757800, increment 10262672
species bio8: 
Regularization values: linear/quadratic/product: 0.080, categorical: 0.250, threshold: 1.140, hinge: 0.500
86 samples
Density: max memory 508559360, total allocated 508559360, free 319666792, used 188892568, increment 1134768
linearPredictor: max memory 508559360, total allocated 508559360, free 318523872, used 190035488, increment 1142920
FeaturedSpace: max memory 508559360, total allocated 508559360, free 318523872, used 190035488, increment 0
Sequential: max memory 508559360, total allocated 508559360, free 318523872, used 190035488, increment 0
Initial loss: 5.231108616854587
260: time = 0.089000 loss = 4.955588
Making features
makeFeatures: max memory 508559360, total allocated 508559360, free 255880240, used 252679120, increment 62643632
species bio1: 
Regularization values: linear/quadratic/product: 0.080, categorical: 0.250, threshold: 1.140, hinge: 0.500
86 samples
Density: max memory 508559360, total allocated 508559360, free 255880216, used 252679144, increment 24
linearPredictor: max memory 508559360, total allocated 508559360, free 255880216, used 252679144, increment 0
FeaturedSpace: max memory 508559360, total allocated 508559360, free 255880216, used 252679144, increment 0
Sequential: max memory 508559360, total allocated 508559360, free 255880216, used 252679144, increment 0
Initial loss: 5.231108616854587
260: time = 0.077000 loss = 4.956088
Making features
makeFeatures: max memory 508559360, total allocated 508559360, free 253602392, used 254956968, increment 2277824
species bio12: 
Regularization values: linear/quadratic/product: 0.080, categorical: 0.250, threshold: 1.140, hinge: 0.500
86 samples
Density: max memory 508559360, total allocated 508559360, free 253602392, used 254956968, increment 0
linearPredictor: max memory 508559360, total allocated 508559360, free 253602392, used 254956968, increment 0
FeaturedSpace: max memory 508559360, total allocated 508559360, free 253602392, used 254956968, increment 0
Sequential: max memory 508559360, total allocated 508559360, free 253602392, used 254956968, increment 0
Initial loss: 5.231108616854587
240: time = 0.021000 loss = 5.083464
Res.gain: 0.14764436715195384
Making features
makeFeatures: max memory 508559360, total allocated 508559360, free 245625936, used 262933424, increment 7976456
species bio14: 
Regularization values: linear/quadratic/product: 0.080, categorical: 0.250, threshold: 1.140, hinge: 0.500
86 samples
Density: max memory 508559360, total allocated 508559360, free 245625936, used 262933424, increment 0
linearPredictor: max memory 508559360, total allocated 508559360, free 245625936, used 262933424, increment 0
FeaturedSpace: max memory 508559360, total allocated 508559360, free 245625936, used 262933424, increment 0
Sequential: max memory 508559360, total allocated 508559360, free 245625936, used 262933424, increment 0
Initial loss: 5.231108616854587
160: time = 0.022000 loss = 5.096576
Res.gain: 0.13453260599850658
Making features
makeFeatures: max memory 508559360, total allocated 508559360, free 243348112, used 265211248, increment 2277824
species bio19: 
Regularization values: linear/quadratic/product: 0.080, categorical: 0.250, threshold: 1.140, hinge: 0.500
86 samples
Density: max memory 508559360, total allocated 508559360, free 243348112, used 265211248, increment 0
linearPredictor: max memory 508559360, total allocated 508559360, free 243348112, used 265211248, increment 0
FeaturedSpace: max memory 508559360, total allocated 508559360, free 243348112, used 265211248, increment 0
Sequential: max memory 508559360, total allocated 508559360, free 243348112, used 265211248, increment 0
Initial loss: 5.231108616854587
80: time = 0.008000 loss = 5.212073
Res.gain: 0.0190359000611231
Making features
makeFeatures: max memory 508559360, total allocated 508559360, free 242205080, used 266354280, increment 1143032
species bio2: 
Regularization values: linear/quadratic/product: 0.080, categorical: 0.250, threshold: 1.140, hinge: 0.500
86 samples
Density: max memory 508559360, total allocated 508559360, free 242205056, used 266354304, increment 24
linearPredictor: max memory 508559360, total allocated 508559360, free 242205056, used 266354304, increment 0
FeaturedSpace: max memory 508559360, total allocated 508559360, free 242205056, used 266354304, increment 0
Sequential: max memory 508559360, total allocated 508559360, free 242205056, used 266354304, increment 0
Initial loss: 5.231108616854587
100: time = 0.010000 loss = 5.052031
Res.gain: 0.17907774724715608
Making features
makeFeatures: max memory 518520832, total allocated 508559360, free 383265024, used 125294336, increment -141059968
species bio3: 
Regularization values: linear/quadratic/product: 0.080, categorical: 0.250, threshold: 1.140, hinge: 0.500
86 samples
Density: max memory 518520832, total allocated 518520832, free 381896424, used 136624408, increment 11330072
linearPredictor: max memory 518520832, total allocated 518520832, free 381896424, used 136624408, increment 0
FeaturedSpace: max memory 518520832, total allocated 518520832, free 381896424, used 136624408, increment 0
Sequential: max memory 518520832, total allocated 518520832, free 381896424, used 136624408, increment 0
Initial loss: 5.231108616854587
80: time = 0.010000 loss = 5.066432
Res.gain: 0.16467653189531983
Making features
makeFeatures: max memory 518520832, total allocated 518520832, free 381896400, used 136624432, increment 24
species bio6: 
Regularization values: linear/quadratic/product: 0.080, categorical: 0.250, threshold: 1.140, hinge: 0.500
86 samples
Density: max memory 518520832, total allocated 518520832, free 381896400, used 136624432, increment 0
linearPredictor: max memory 518520832, total allocated 518520832, free 381896400, used 136624432, increment 0
FeaturedSpace: max memory 518520832, total allocated 518520832, free 381896400, used 136624432, increment 0
Sequential: max memory 518520832, total allocated 518520832, free 381896400, used 136624432, increment 0
Initial loss: 5.231108616854587
80: time = 0.004000 loss = 5.229558
Res.gain: 0.00155034642112728
Making features
makeFeatures: max memory 518520832, total allocated 518520832, free 381896400, used 136624432, increment 0
species bio8: 
Regularization values: linear/quadratic/product: 0.080, categorical: 0.250, threshold: 1.140, hinge: 0.500
86 samples
Density: max memory 518520832, total allocated 518520832, free 381896376, used 136624456, increment 24
linearPredictor: max memory 518520832, total allocated 518520832, free 381896376, used 136624456, increment 0
FeaturedSpace: max memory 518520832, total allocated 518520832, free 381896376, used 136624456, increment 0
Sequential: max memory 518520832, total allocated 518520832, free 381896376, used 136624456, increment 0
Initial loss: 5.231108616854587
Time since start: 2.223
60: time = 0.007000 loss = 5.229069
Res.gain: 0.002039870437335445
80: time = 0.008000 loss = 5.117177
Res.gain: 0.11393145438033425
Ending
